Untagged: 10.14.255.176/spring-cloud-test/config-client:latest
Untagged: 10.14.255.176/spring-cloud-test/config-client@sha256:285ce49906e61a445df149b851c121e2f99848b982d9f5771c3c9ee0636b3926
Deleted: sha256:13127014f06db876be706891c08140343e52f08704e2235e59b5fc2624d02d16
Deleted: sha256:25734dd0621b516ccedcf743b20235d60bfc192ad6cabcaba910f798db62c0e9
Deleted: sha256:de95f0177842c50398b23587de931d3de03866378064568967585a4b94fd156b
Sending build context to Docker daemon 38.56 MB
Step 1/4 : FROM frolvlad/alpine-oraclejdk8:slim
 ---> ce0bf5ef511b
Step 2/4 : EXPOSE 8080
 ---> Using cache
 ---> 7d469a92caf7
Step 3/4 : COPY config-client.jar .
 ---> d5668ed2fb74
Removing intermediate container e7579aaae7b4
Step 4/4 : CMD java -jar config-client.jar
 ---> Running in c65b5e44f6ac
 ---> c39235443e49
Removing intermediate container c65b5e44f6ac
Successfully built c39235443e49
The push refers to a repository [10.14.255.176/spring-cloud-test/config-client]
dc15ae6a0834: Preparing
a41c8c4bcb8e: Preparing
d677fc407b01: Preparing
e154057080f4: Preparing
a41c8c4bcb8e: Layer already exists
e154057080f4: Pushed
d677fc407b01: Pushed
dc15ae6a0834: Pushed
latest: digest: sha256:1e9856e56a0706037c3c5c532e36a92549393014c0f63a8288903bf54c8dc620 size: 1163
